 Entering IMPACT execution environment 
 Date: Monday, August 11 2014, at 23:28:22 EDT
 ---------------------------------------------------------------------------
 Impact version 0701001
 mmshare version            2
 Copyright (c) Schrodinger, LLC.
 All Rights Reserved.

 For hardware platform Linux-x86_64.gnu
 Compiled on: Sat Jul 26 10:39:34 EDT 2014
 Host: Linux scilla 3.8.0-33-generic #48~precise1-Ubuntu SMP Thu Oct 24 16:28:06 UTC 2013 x86_64
 Job Name: b_3
 IMPACT_EXEC  directory: /home/users/egallicchio/schrod/work/academic-impact/bin/Linux-x86_64

 This software contains material that is a copyrighted
 work of, and that is licensed from, Rutgers,
 the State University of New Jersey.

 This software is provided under license and may be 
 used, copied, transmitted, and stored only in accordance
 with the terms and conditions of that license.
 ---------------------------------------------------------------------------

 Job title:        "b_md"
 Main output file: b_3.out

 Clock-based global random seed:     1407814102

                             - Input command file -
 ---------------------------------------------------------------------------

write file -
"b_3.out" -
      title -
"b_md" *

CREATE
  build primary name species1 type auto read sqldb file -
"rcpt_restr.dms"
  build primary name species2 type auto read sqldb file -
"lig.dms"
QUIT

SETMODEL
  setpotential
    mmechanics nb12softcore umax 1000.0 consolv agbnp2
    weight constraints buffer 0.3
    weight bind rxid 0 nrep 1 -
lambda 0.0
  quit
  read parm file -
"paramstd.dat" -
  noprint
  energy rest dist read file restdist.dat
  energy rest angle read file restangl.dat
  energy parm dielectric 1 nodist -
   listupdate 10 -
    cutoff 12 hmass 5
  energy rescutoff byatom all
  zonecons auto
  energy constraints bonds hydrogens
QUIT

if 3 eq 1
DYNAMICS
  read restart coordinates formatted file "b_2.rst"
  input target temperature 300
  input cntl initialize temperature at 300
QUIT
endif

if 3 gt 1
DYNAMICS
  read restart coordinates and velocities formatted file "b_2.rst"
QUIT
endif

!equilibration at new state
DYNAMICS
  input cntl nstep 1000 delt 0.0005
  input cntl constant temperature langevin relax 0.25
  input target temperature 300
  input cntl nprnt 1000
  input cntl tol 1.00000e-07
  input cntl stop rotations
  input cntl statistics off
  run rrespa fast 8
QUIT

DYNAMICS
  input cntl nstep 25000 delt 0.001
  input cntl constant temperature langevin relax 1.0
  input target temperature 300
  input cntl nprnt 25000
  input cntl tol 1.00000e-07
  input cntl stop rotations
  input cntl statistics off
  run rrespa fast 4
  write restart coordinates and velocities formatted file "b_3.rst"
  write sql file "b_rcpt_3.dms" name species1
  write sql file "b_lig_3.dms" name species2
QUIT

END
 ---------------------------------------------------------------------------

                             - End of input file -


 ---------------------------------
 Beginning IMPACT task: CREA
 Beginning CREATE subtask BUIL                                                  
 Beginning CREATE subtask BUIL                                                  
 Beginning CREATE subtask QUIT                                                  

 ---------------------------------
 Beginning IMPACT task: SETM
 Beginning SETMODEL subtask SETP                                                
%IMPACT-I (info): At line  16
 %IMPACT-I:  Softcore binding energy with umax =     1000.00000
%IMPACT-I (info): At line  16
 %IMPACT-I: Using AGBNP2: Analytical Generalized Born Model + Analytic 
 Non-Polar Hydration Model
%IMPACT-I (info): At line  19
 %IMPACT-I:  Hybrid potential for binding with lambda =        0.00000
 Beginning SETMODEL subtask READ                                                
 Beginning SETMODEL subtask ENER                                                
     Restraints are read in from file:restdist.dat
 Beginning SETMODEL subtask ENER                                                
     Restraints are read in from file:restangl.dat
 Beginning SETMODEL subtask ENER                                                
 Beginning SETMODEL subtask ENER                                                
 Beginning SETMODEL subtask ZONE                                                
 FREEZE/CONSTRAIN/RELAX ATOMS BASED ON USER SELECTION IN STRUCTURE FILE

                     SUMMARY OF ZONE CONSTRAINTS BY REGION


                               free       buffer        fixed
 Number of atoms                795           36            0
 Charge in region          -6.56000      4.56000      0.00000
 ------------------------------------------------

 Species SPECIES1            
 Number of bonds free to move      588
 Number of angles free to move    1047
 Number of torsions free to move   1645
 Species SPECIES2            
 Number of bonds free to move      247
 Number of angles free to move     446
 Number of torsions free to move    682
 Beginning SETMODEL subtask ENER                                                
%IMPACT-I: Applying bond constraints for all hydrogen atoms
 Beginning SETMODEL subtask QUIT                                                


   Term                    Weight              Function form       

 Intramolecular terms for species name SPECIES1            
   bond                     1.00000            Harmonic                      
   angle                    1.00000            Harmonic                      
   torsion                  1.00000            Fourier                       
   el14                     1.00000            1,4 electrostatics            
   lj14                     1.00000            1,4 vdW - 6-12 pot            
   el internal              1.00000            internal electrostatics       
   lj internal              1.00000            internal vdW - 6-12 pot       
   buffer constraint        0.30000            Harmonic                           0.000

 Intramolecular terms for species name SPECIES2            
   bond                     1.00000            Harmonic                      
   angle                    1.00000            Harmonic                      
   torsion                  1.00000            Fourier                       
   el14                     1.00000            1,4 electrostatics            
   lj14                     1.00000            1,4 vdW - 6-12 pot            
   el internal              1.00000            internal electrostatics       
   lj internal              1.00000            internal vdW - 6-12 pot       
   buffer constraint        0.30000            Harmonic                           0.000

  Intermolecular terms for all species 
   vdw                      1.00000            6-12 potential                
   electrostatic            1.00000            Constant dielectric           

 ---------------------------------
 Beginning IMPACT task: DYNA
 Beginning DYNAMICS subtask READ                                                
      Current coord./veloc. read from file: b_2.rst
      Box dimensions not read
%IMPACT-I (readhead): After reading the header for file 21 the data are:

 n first con.  timestep  nwrit    ntrjct   nspec  nmole(i)
       200     0.00100       1       0       2       1       1
                                                  natom(i)
                                                  583     248
  Format: REAL8 Box:           0
  itrjhdr:            2
 Beginning DYNAMICS subtask QUIT                                                

 ---------------------------------
 Beginning IMPACT task: DYNA
 Beginning DYNAMICS subtask INPU                                                
 Beginning DYNAMICS subtask INPU                                                
%IMPACT-I(dynmain): Langevin thermostat: relaxation time (inverse of collision frequency): 2.50000E-01
 Beginning DYNAMICS subtask INPU                                                
%IMPACT-I (dynmain): Temperature for all species =     300.00000000
 Beginning DYNAMICS subtask INPU                                                
 Beginning DYNAMICS subtask INPU                                                
 Beginning DYNAMICS subtask INPU                                                
 Beginning DYNAMICS subtask INPU                                                
 Beginning DYNAMICS subtask RUN                                                 

 Energy parameters


 The non-bonded list cutoff             =   12.00000
 The H-bond cutoff                      =    3.50000
 The 1-4 Lennard-Jones screening factor =    1.00000
 The 1-4 electrostatic screening factor =    1.00000
 The dielectric constant is constant and is    1.00000
 Non-bonded list generated every         10 steps


 Total number of atoms  =   831
============================================================================
============================================================================
                         Parameters for DYNAMICS run                        
============================================================================
============================================================================

Number of steps: 1000
Time step (ps): 0.0005
Results printed every 1000 steps
Initial velocities read from file
SHAKE and RATTLE will not be applied
Temperature scaling will be used for the entire system
  Target temperature (K) = 300
  Relaxation time (ps)   = 0.25
Constant volume dynamics
Random number seed: 55376704
Only coordinates written to trajectory file every 5 steps
============================================================================
============================================================================
%IMPACT-I (runmd): Using the reversible RESPA integrator with 2 stages
%IMPACT-I (runmd): Steps for stage #2: 8

 Neighbor List Cutoff Settings
 ==================================
 Cutoff radius:   12.000000000000000     
 Update frequency: every           10  steps
 Species   1 : Neighbors are calculated on a per residue basis
 Species   1 : Cutoff by inter-atomic distances
 Species   2 : Neighbors are calculated on a per residue basis
 Species   2 : Cutoff by inter-atomic distances


 nbenergy(): using     4 OpenMP thread(s).


 bondforc(): using     4 OpenMP thread(s).



 Step number:       1000         Non-bonded count:   187840
 Temp         E-tot        E-kin        E-pot        ETCM         ERCM        
  3.02609E+02 -1.54847E+03  7.47769E+02 -2.29624E+03  2.44714E+00  2.77366E+00
 Bond         Angle        Dihedral     LJ-14        EL-14        LJ - 6-12    Electrost    HB - 1012    RxnFld-AGBNP NPolar-AGBNP
  2.63978E+02  3.66302E+02  2.18683E+02  2.65498E+02  5.20240E+02 -2.55415E+02 -2.57725E+03  0.00000E+00 -1.15125E+03  4.37356E+01
 Buffer const Bind_Lambda  EBind       
  9.23869E+00  0.00000E+00  1.00000E+03
 Beginning DYNAMICS subtask QUIT                                                

 ---------------------------------
 Beginning IMPACT task: DYNA
 Beginning DYNAMICS subtask INPU                                                
 Beginning DYNAMICS subtask INPU                                                
%IMPACT-I(dynmain): Langevin thermostat: relaxation time (inverse of collision frequency): 1.00000E+00
 Beginning DYNAMICS subtask INPU                                                
%IMPACT-I (dynmain): Temperature for all species =     300.00000000
 Beginning DYNAMICS subtask INPU                                                
 Beginning DYNAMICS subtask INPU                                                
 Beginning DYNAMICS subtask INPU                                                
 Beginning DYNAMICS subtask INPU                                                
 Beginning DYNAMICS subtask RUN                                                 
============================================================================
============================================================================
                         Parameters for DYNAMICS run                        
============================================================================
============================================================================

Number of steps: 25000
Time step (ps): 0.001
Results printed every 25000 steps
Initial velocities read from file
SHAKE and RATTLE will not be applied
Temperature scaling will be used for the entire system
  Target temperature (K) = 300
  Relaxation time (ps)   = 1
Constant volume dynamics
Random number seed: 55376704
Only coordinates written to trajectory file every 5 steps
============================================================================
============================================================================
%IMPACT-I (runmd): Using the reversible RESPA integrator with 2 stages
%IMPACT-I (runmd): Steps for stage #2: 4


 Step number:      25000         Non-bonded count:   186438
 Temp         E-tot        E-kin        E-pot        ETCM         ERCM        
  2.94421E+02 -1.53396E+03  7.27535E+02 -2.26150E+03  2.51222E+00  4.00257E+00
 Bond         Angle        Dihedral     LJ-14        EL-14        LJ - 6-12    Electrost    HB - 1012    RxnFld-AGBNP NPolar-AGBNP
  2.91981E+02  4.03162E+02  1.88621E+02  2.52777E+02  5.11538E+02 -2.55001E+02 -2.60657E+03  0.00000E+00 -1.10075E+03  4.10478E+01
 Buffer const Bind_Lambda  EBind       
  1.16998E+01  0.00000E+00  1.00000E+03
 Beginning DYNAMICS subtask WRIT                                                
%IMPACT-I (openwt): Request to open FORMATTED file b_3.rst on unit  21
      Current coord./veloc. written to file: b_3.rst
      Box dimensions not written
 Beginning DYNAMICS subtask WRIT                                                
%IMPACT-I (info): At line  70
 %IMPACT-I: Species     1  written to SQL file b_rcpt_3.dms
 Beginning DYNAMICS subtask WRIT                                                
%IMPACT-I (info): At line  71
 %IMPACT-I: Species     2  written to SQL file b_lig_3.dms
 Beginning DYNAMICS subtask QUIT                                                

 ---------------------------------
 Beginning IMPACT task: END 


Final Energy Reports:
------------------------------------
 Total Energy of the system...... -1.53396E+03 kcal/mol
 Total Potential Energy.......... -2.26150E+03 kcal/mol
 Total Kinetic Energy............  7.27535E+02 kcal/mol
 Temperature of the system.......      294.421 K
 Bond Stretch Energy.............  2.91981E+02 kcal/mol
 Angle Bending Energy............  4.03162E+02 kcal/mol
 Torsion Angle Energy............  1.88621E+02 kcal/mol
 Restraining Energy for Torsions.  0.00000E+00 kcal/mol
 Restraining Energy for Distances. 0.00000E+00 kcal/mol
 Restraining Energy for Angles.... 0.00000E+00 kcal/mol
 1,4 Lennard Jones Energy........  2.52777E+02 kcal/mol
 1,4 Electrostatic Energy........  5.11538E+02 kcal/mol
 Lennard Jones Energy............ -2.55001E+02 kcal/mol
 Electrostatic Energy............ -2.60657E+03 kcal/mol
 H-bond Energy...................  0.00000E+00 kcal/mol
 AGBNP Solvation Energy ......... -1.05970E+03 kcal/mol
 AGBNP Solvation Energy (polar).. -1.10075E+03 kcal/mol
 AGBNP Solv. Energy (non-polar)..  9.75754E+00 kcal/mol
 AGBNP Solv. Energy (correction).  3.12903E+01 kcal/mol

%IMPACT-I (memstat): Temporary storage statistics
                     real*8:         21984
                     integer*4:     536952
                     char*4:          1029
%IMPACT-I (memstat): Total dynamics storage was      2.33 MB
 Exiting IMPACT execution environment 
 Date: Monday, August 11 2014, at 23:45:04 EDT
%IMPACT-I (timit): Total CPU time =    3707.46 seconds (  61.8 minutes)
